total 328
drwxrwxr-x 1 eulerhm eulerhm    184 jul 10 09:48 app
drwxrwxr-x 1 eulerhm eulerhm     12 jul 10 09:49 build
-rw-rw-r-- 1 eulerhm eulerhm   2109 mar  1 10:03 build.gradle
-rw-rw-r-- 1 eulerhm eulerhm    591 mar  1 10:03 codecov.yml
-rw-rw-r-- 1 eulerhm eulerhm    691 mar  1 10:03 CODE_OF_CONDUCT.md
-rwxrwxrwx 1 eulerhm eulerhm  10248 jan 21  2021 configCombinations-v2.csv
-rw-rw-r-- 1 eulerhm eulerhm 208308 mar  9 12:54 configTestResult.csv
drwxrwxr-x 1 eulerhm eulerhm    356 mar 11 09:09 docs
-rw-rw-r-- 1 eulerhm eulerhm   3594 mar  6 15:53 executionLog.txt
drwxrwxr-x 1 eulerhm eulerhm     28 mar 11 09:09 fastlane
drwxrwxr-x 1 eulerhm eulerhm     14 mar 11 09:09 gradle
-rw-rw-r-- 1 eulerhm eulerhm   1007 mar  1 10:03 gradle.properties
-rwxrwxr-x 1 eulerhm eulerhm   5296 mar  1 10:03 gradlew
-rw-rw-r-- 1 eulerhm eulerhm   2260 mar  1 10:03 gradlew.bat
-rw-rw-r-- 1 eulerhm eulerhm   2718 mar  9 12:53 inspectResultFilesGenerateDetails.py
-rw-rw-r-- 1 eulerhm eulerhm   2541 mar 18 14:57 inspectResultFilesGenerateFailureDetails.py
-rw-rw-r-- 1 eulerhm eulerhm    971 jul 23 18:35 inspectResultFiles.py
-rw-rw-r-- 1 eulerhm eulerhm    249 mar  1 10:03 l10n.toml
-rw-rw-r-- 1 eulerhm eulerhm  16725 mar  1 10:03 LICENSE
-rw-rw-r-- 1 eulerhm eulerhm    338 mar  1 12:29 local.properties
-rw-rw-r-- 1 eulerhm eulerhm    676 mar  1 10:03 mkdocs.yml
drwxrwxr-x 1 eulerhm eulerhm     42 jul 23 18:48 __pycache__
-rw-rw-r-- 1 eulerhm eulerhm   1896 mar  1 10:03 README.md
-rwxrwxrwx 1 eulerhm eulerhm   3870 jul 10 19:47 runExpAll-MultiExec.py
-rwxrwxrwx 1 eulerhm eulerhm   2374 mar  8 19:59 runExpSelective.py
-rw-rw-r-- 1 eulerhm eulerhm      0 jul 23 18:48 script_errors.log
-rw-rw-r-- 1 eulerhm eulerhm      0 jul 23 18:48 script_outputs.log
-rw-rw-r-- 1 eulerhm eulerhm   1288 mar  1 10:03 settings.gradle
-rw-rw-r-- 1 eulerhm eulerhm  12784 mar 18 14:58 tabulatedFailures.csv
drwxrwxr-x 1 eulerhm eulerhm     60 mar 11 09:09 testReportsMult
drwxrwxr-x 1 eulerhm eulerhm    114 jul 10 09:48 thirdparty
-rw-rw-r-- 1 eulerhm eulerhm   1555 jul 23 18:38 timing.py
